<?xml version="1.0" encoding="UTF-8"?>
<coverage generated="1618289706715" clover="3.2.0">
  <project timestamp="1618289706716" name="All files">
    <metrics statements="87" coveredstatements="82" conditionals="37" coveredconditionals="26" methods="26" coveredmethods="25" elements="150" coveredelements="133" complexity="0" loc="87" ncloc="87" packages="1" files="1" classes="1"/>
    <file name="index.js" path="C:\Users\N14\Documents\GitHub\LIM014-mdlinks\src\index.js">
      <metrics statements="87" coveredstatements="82" conditionals="37" coveredconditionals="26" methods="26" coveredmethods="25"/>
      <line num="1" count="3" type="stmt"/>
      <line num="2" count="3" type="stmt"/>
      <line num="3" count="3" type="stmt"/>
      <line num="4" count="3" type="stmt"/>
      <line num="7" count="5" type="stmt"/>
      <line num="10" count="28" type="stmt"/>
      <line num="12" count="10" type="stmt"/>
      <line num="15" count="22" type="stmt"/>
      <line num="18" count="15" type="stmt"/>
      <line num="21" count="3" type="stmt"/>
      <line num="22" count="22" type="cond" truecount="1" falsecount="1"/>
      <line num="23" count="22" type="stmt"/>
      <line num="27" count="3" type="stmt"/>
      <line num="28" count="10" type="stmt"/>
      <line num="29" count="20" type="stmt"/>
      <line num="30" count="10" type="stmt"/>
      <line num="34" count="3" type="stmt"/>
      <line num="35" count="23" type="stmt"/>
      <line num="36" count="23" type="cond" truecount="2" falsecount="0"/>
      <line num="37" count="14" type="cond" truecount="2" falsecount="0"/>
      <line num="38" count="10" type="stmt"/>
      <line num="40" count="9" type="cond" truecount="1" falsecount="1"/>
      <line num="41" count="9" type="stmt"/>
      <line num="42" count="17" type="stmt"/>
      <line num="43" count="17" type="stmt"/>
      <line num="46" count="23" type="stmt"/>
      <line num="50" count="3" type="stmt"/>
      <line num="51" count="8" type="stmt"/>
      <line num="52" count="8" type="stmt"/>
      <line num="53" count="8" type="stmt"/>
      <line num="54" count="8" type="stmt"/>
      <line num="58" count="3" type="stmt"/>
      <line num="59" count="7" type="stmt"/>
      <line num="60" count="7" type="stmt"/>
      <line num="61" count="7" type="stmt"/>
      <line num="62" count="7" type="cond" truecount="1" falsecount="1"/>
      <line num="63" count="7" type="cond" truecount="1" falsecount="1"/>
      <line num="64" count="7" type="stmt"/>
      <line num="65" count="7" type="cond" truecount="2" falsecount="0"/>
      <line num="66" count="4" type="cond" truecount="1" falsecount="1"/>
      <line num="69" count="3" type="cond" truecount="1" falsecount="1"/>
      <line num="70" count="3" type="cond" truecount="1" falsecount="1"/>
      <line num="75" count="0" type="stmt"/>
      <line num="78" count="0" type="stmt"/>
      <line num="80" count="7" type="stmt"/>
      <line num="84" count="3" type="stmt"/>
      <line num="85" count="14" type="stmt"/>
      <line num="86" count="14" type="stmt"/>
      <line num="87" count="14" type="stmt"/>
      <line num="88" count="14" type="stmt"/>
      <line num="89" count="14" type="stmt"/>
      <line num="94" count="14" type="stmt"/>
      <line num="96" count="14" type="stmt"/>
      <line num="98" count="14" type="stmt"/>
      <line num="102" count="3" type="stmt"/>
      <line num="103" count="3" type="stmt"/>
      <line num="104" count="3" type="stmt"/>
      <line num="105" count="3" type="stmt"/>
      <line num="106" count="3" type="stmt"/>
      <line num="108" count="3" type="stmt"/>
      <line num="114" count="3" type="stmt"/>
      <line num="115" count="5" type="stmt"/>
      <line num="116" count="5" type="stmt"/>
      <line num="118" count="5" type="cond" truecount="4" falsecount="0"/>
      <line num="119" count="3" type="stmt"/>
      <line num="126" count="2" type="cond" truecount="3" falsecount="1"/>
      <line num="127" count="2" type="stmt"/>
      <line num="137" count="0" type="stmt"/>
      <line num="145" count="5" type="stmt"/>
      <line num="149" count="3" type="cond" truecount="0" falsecount="1"/>
      <line num="150" count="4" type="stmt"/>
      <line num="151" count="4" type="stmt"/>
      <line num="152" count="4" type="cond" truecount="1" falsecount="1"/>
      <line num="153" count="0" type="stmt"/>
      <line num="155" count="4" type="cond" truecount="2" falsecount="0"/>
      <line num="156" count="2" type="stmt"/>
      <line num="157" count="2" type="stmt"/>
      <line num="159" count="2" type="cond" truecount="1" falsecount="1"/>
      <line num="160" count="0" type="stmt"/>
      <line num="162" count="2" type="stmt"/>
      <line num="163" count="4" type="cond" truecount="2" falsecount="0"/>
      <line num="164" count="2" type="stmt"/>
      <line num="167" count="2" type="stmt"/>
      <line num="169" count="2" type="stmt"/>
      <line num="170" count="2" type="stmt"/>
      <line num="171" count="2" type="stmt"/>
      <line num="177" count="3" type="stmt"/>
    </file>
  </project>
</coverage>
