{"C:\\Users\\N14\\Documents\\GitHub\\LIM014-mdlinks\\src\\index.js": {"path":"C:\\Users\\N14\\Documents\\GitHub\\LIM014-mdlinks\\src\\index.js","statementMap":{"0":{"start":{"line":3,"column":13},"end":{"line":3,"column":28}},"1":{"start":{"line":4,"column":11},"end":{"line":4,"column":24}},"2":{"start":{"line":5,"column":15},"end":{"line":5,"column":32}},"3":{"start":{"line":6,"column":14},"end":{"line":6,"column":35}},"4":{"start":{"line":9,"column":20},"end":{"line":9,"column":51}},"5":{"start":{"line":9,"column":31},"end":{"line":9,"column":50}},"6":{"start":{"line":12,"column":16},"end":{"line":12,"column":50}},"7":{"start":{"line":12,"column":24},"end":{"line":12,"column":50}},"8":{"start":{"line":14,"column":20},"end":{"line":14,"column":64}},"9":{"start":{"line":14,"column":31},"end":{"line":14,"column":63}},"10":{"start":{"line":17,"column":13},"end":{"line":17,"column":43}},"11":{"start":{"line":17,"column":24},"end":{"line":17,"column":42}},"12":{"start":{"line":20,"column":21},"end":{"line":20,"column":63}},"13":{"start":{"line":20,"column":31},"end":{"line":20,"column":63}},"14":{"start":{"line":23,"column":23},"end":{"line":26,"column":1}},"15":{"start":{"line":24,"column":21},"end":{"line":24,"column":100}},"16":{"start":{"line":25,"column":2},"end":{"line":25,"column":20}},"17":{"start":{"line":29,"column":33},"end":{"line":33,"column":1}},"18":{"start":{"line":30,"column":30},"end":{"line":31,"column":29}},"19":{"start":{"line":31,"column":4},"end":{"line":31,"column":28}},"20":{"start":{"line":32,"column":2},"end":{"line":32,"column":29}},"21":{"start":{"line":36,"column":22},"end":{"line":49,"column":1}},"22":{"start":{"line":37,"column":26},"end":{"line":37,"column":28}},"23":{"start":{"line":38,"column":2},"end":{"line":47,"column":3}},"24":{"start":{"line":39,"column":4},"end":{"line":41,"column":5}},"25":{"start":{"line":40,"column":6},"end":{"line":40,"column":35}},"26":{"start":{"line":42,"column":9},"end":{"line":47,"column":3}},"27":{"start":{"line":43,"column":4},"end":{"line":46,"column":7}},"28":{"start":{"line":44,"column":35},"end":{"line":44,"column":57}},"29":{"start":{"line":45,"column":6},"end":{"line":45,"column":73}},"30":{"start":{"line":48,"column":2},"end":{"line":48,"column":27}},"31":{"start":{"line":52,"column":17},"end":{"line":57,"column":1}},"32":{"start":{"line":53,"column":17},"end":{"line":53,"column":36}},"33":{"start":{"line":54,"column":16},"end":{"line":54,"column":34}},"34":{"start":{"line":55,"column":17},"end":{"line":55,"column":50}},"35":{"start":{"line":56,"column":2},"end":{"line":56,"column":17}},"36":{"start":{"line":59,"column":25},"end":{"line":82,"column":1}},"37":{"start":{"line":60,"column":17},"end":{"line":60,"column":31}},"38":{"start":{"line":61,"column":21},"end":{"line":61,"column":23}},"39":{"start":{"line":62,"column":21},"end":{"line":62,"column":23}},"40":{"start":{"line":63,"column":2},"end":{"line":80,"column":3}},"41":{"start":{"line":64,"column":4},"end":{"line":77,"column":5}},"42":{"start":{"line":65,"column":6},"end":{"line":65,"column":46}},"43":{"start":{"line":66,"column":6},"end":{"line":74,"column":7}},"44":{"start":{"line":67,"column":8},"end":{"line":69,"column":65}},"45":{"start":{"line":70,"column":13},"end":{"line":74,"column":7}},"46":{"start":{"line":71,"column":8},"end":{"line":73,"column":65}},"47":{"start":{"line":76,"column":6},"end":{"line":76,"column":43}},"48":{"start":{"line":79,"column":4},"end":{"line":79,"column":33}},"49":{"start":{"line":81,"column":2},"end":{"line":81,"column":21}},"50":{"start":{"line":84,"column":21},"end":{"line":100,"column":1}},"51":{"start":{"line":85,"column":21},"end":{"line":85,"column":23}},"52":{"start":{"line":86,"column":21},"end":{"line":86,"column":42}},"53":{"start":{"line":87,"column":4},"end":{"line":98,"column":7}},"54":{"start":{"line":88,"column":6},"end":{"line":95,"column":8}},"55":{"start":{"line":89,"column":31},"end":{"line":93,"column":9}},"56":{"start":{"line":94,"column":8},"end":{"line":94,"column":40}},"57":{"start":{"line":96,"column":6},"end":{"line":96,"column":37}},"58":{"start":{"line":97,"column":6},"end":{"line":97,"column":47}},"59":{"start":{"line":99,"column":4},"end":{"line":99,"column":22}},"60":{"start":{"line":102,"column":21},"end":{"line":112,"column":1}},"61":{"start":{"line":103,"column":28},"end":{"line":103,"column":30}},"62":{"start":{"line":104,"column":2},"end":{"line":106,"column":4}},"63":{"start":{"line":105,"column":4},"end":{"line":105,"column":34}},"64":{"start":{"line":107,"column":2},"end":{"line":111,"column":3}},"65":{"start":{"line":109,"column":16},"end":{"line":109,"column":35}},"66":{"start":{"line":110,"column":16},"end":{"line":110,"column":46}},"67":{"start":{"line":114,"column":20},"end":{"line":146,"column":1}},"68":{"start":{"line":115,"column":29},"end":{"line":144,"column":9}},"69":{"start":{"line":116,"column":4},"end":{"line":144,"column":8}},"70":{"start":{"line":118,"column":8},"end":{"line":134,"column":9}},"71":{"start":{"line":119,"column":10},"end":{"line":125,"column":11}},"72":{"start":{"line":126,"column":15},"end":{"line":134,"column":9}},"73":{"start":{"line":127,"column":10},"end":{"line":133,"column":11}},"74":{"start":{"line":137,"column":8},"end":{"line":143,"column":9}},"75":{"start":{"line":145,"column":3},"end":{"line":145,"column":41}},"76":{"start":{"line":148,"column":20},"end":{"line":159,"column":1}},"77":{"start":{"line":149,"column":22},"end":{"line":149,"column":33}},"78":{"start":{"line":150,"column":19},"end":{"line":150,"column":50}},"79":{"start":{"line":151,"column":20},"end":{"line":151,"column":47}},"80":{"start":{"line":151,"column":37},"end":{"line":151,"column":46}},"81":{"start":{"line":152,"column":21},"end":{"line":152,"column":46}},"82":{"start":{"line":153,"column":25},"end":{"line":157,"column":3}},"83":{"start":{"line":158,"column":2},"end":{"line":158,"column":23}},"84":{"start":{"line":161,"column":20},"end":{"line":178,"column":1}},"85":{"start":{"line":162,"column":20},"end":{"line":162,"column":22}},"86":{"start":{"line":163,"column":2},"end":{"line":177,"column":35}},"87":{"start":{"line":165,"column":4},"end":{"line":168,"column":5}},"88":{"start":{"line":165,"column":21},"end":{"line":165,"column":22}},"89":{"start":{"line":166,"column":22},"end":{"line":166,"column":40}},"90":{"start":{"line":167,"column":6},"end":{"line":167,"column":31}},"91":{"start":{"line":169,"column":25},"end":{"line":169,"column":73}},"92":{"start":{"line":169,"column":53},"end":{"line":169,"column":64}},"93":{"start":{"line":170,"column":24},"end":{"line":170,"column":36}},"94":{"start":{"line":171,"column":27},"end":{"line":174,"column":5}},"95":{"start":{"line":175,"column":4},"end":{"line":175,"column":58}},"96":{"start":{"line":177,"column":16},"end":{"line":177,"column":34}},"97":{"start":{"line":180,"column":29},"end":{"line":200,"column":1}},"98":{"start":{"line":181,"column":20},"end":{"line":181,"column":22}},"99":{"start":{"line":182,"column":23},"end":{"line":182,"column":25}},"100":{"start":{"line":183,"column":18},"end":{"line":183,"column":20}},"101":{"start":{"line":184,"column":4},"end":{"line":199,"column":37}},"102":{"start":{"line":186,"column":6},"end":{"line":189,"column":7}},"103":{"start":{"line":186,"column":23},"end":{"line":186,"column":24}},"104":{"start":{"line":187,"column":24},"end":{"line":187,"column":42}},"105":{"start":{"line":188,"column":8},"end":{"line":188,"column":33}},"106":{"start":{"line":190,"column":27},"end":{"line":190,"column":75}},"107":{"start":{"line":190,"column":55},"end":{"line":190,"column":66}},"108":{"start":{"line":191,"column":26},"end":{"line":191,"column":38}},"109":{"start":{"line":192,"column":6},"end":{"line":195,"column":7}},"110":{"start":{"line":196,"column":6},"end":{"line":196,"column":36}},"111":{"start":{"line":197,"column":6},"end":{"line":197,"column":38}},"112":{"start":{"line":199,"column":18},"end":{"line":199,"column":36}},"113":{"start":{"line":203,"column":16},"end":{"line":243,"column":1}},"114":{"start":{"line":204,"column":27},"end":{"line":204,"column":29}},"115":{"start":{"line":205,"column":2},"end":{"line":242,"column":5}},"116":{"start":{"line":206,"column":16},"end":{"line":206,"column":32}},"117":{"start":{"line":207,"column":21},"end":{"line":207,"column":34}},"118":{"start":{"line":208,"column":29},"end":{"line":208,"column":50}},"119":{"start":{"line":209,"column":4},"end":{"line":211,"column":5}},"120":{"start":{"line":210,"column":6},"end":{"line":210,"column":29}},"121":{"start":{"line":212,"column":4},"end":{"line":241,"column":5}},"122":{"start":{"line":213,"column":6},"end":{"line":213,"column":44}},"123":{"start":{"line":214,"column":6},"end":{"line":221,"column":7}},"124":{"start":{"line":215,"column":31},"end":{"line":215,"column":78}},"125":{"start":{"line":216,"column":8},"end":{"line":216,"column":97}},"126":{"start":{"line":217,"column":13},"end":{"line":221,"column":7}},"127":{"start":{"line":218,"column":31},"end":{"line":218,"column":86}},"128":{"start":{"line":219,"column":25},"end":{"line":219,"column":96}},"129":{"start":{"line":220,"column":8},"end":{"line":220,"column":25}},"130":{"start":{"line":223,"column":6},"end":{"line":240,"column":7}},"131":{"start":{"line":224,"column":8},"end":{"line":224,"column":53}},"132":{"start":{"line":226,"column":27},"end":{"line":238,"column":10}},"133":{"start":{"line":227,"column":10},"end":{"line":235,"column":11}},"134":{"start":{"line":228,"column":12},"end":{"line":228,"column":48}},"135":{"start":{"line":229,"column":17},"end":{"line":235,"column":11}},"136":{"start":{"line":230,"column":13},"end":{"line":230,"column":67}},"137":{"start":{"line":231,"column":17},"end":{"line":235,"column":11}},"138":{"start":{"line":232,"column":30},"end":{"line":232,"column":85}},"139":{"start":{"line":233,"column":30},"end":{"line":233,"column":105}},"140":{"start":{"line":234,"column":12},"end":{"line":234,"column":28}},"141":{"start":{"line":236,"column":12},"end":{"line":236,"column":62}},"142":{"start":{"line":237,"column":12},"end":{"line":237,"column":37}},"143":{"start":{"line":239,"column":8},"end":{"line":239,"column":26}},"144":{"start":{"line":244,"column":0},"end":{"line":254,"column":1}}},"fnMap":{"0":{"name":"(anonymous_0)","decl":{"start":{"line":9,"column":20},"end":{"line":9,"column":21}},"loc":{"start":{"line":9,"column":31},"end":{"line":9,"column":50}},"line":9},"1":{"name":"(anonymous_1)","decl":{"start":{"line":12,"column":16},"end":{"line":12,"column":17}},"loc":{"start":{"line":12,"column":24},"end":{"line":12,"column":50}},"line":12},"2":{"name":"(anonymous_2)","decl":{"start":{"line":14,"column":20},"end":{"line":14,"column":21}},"loc":{"start":{"line":14,"column":31},"end":{"line":14,"column":63}},"line":14},"3":{"name":"(anonymous_3)","decl":{"start":{"line":17,"column":13},"end":{"line":17,"column":14}},"loc":{"start":{"line":17,"column":24},"end":{"line":17,"column":42}},"line":17},"4":{"name":"(anonymous_4)","decl":{"start":{"line":20,"column":21},"end":{"line":20,"column":22}},"loc":{"start":{"line":20,"column":31},"end":{"line":20,"column":63}},"line":20},"5":{"name":"(anonymous_5)","decl":{"start":{"line":23,"column":23},"end":{"line":23,"column":24}},"loc":{"start":{"line":23,"column":33},"end":{"line":26,"column":1}},"line":23},"6":{"name":"(anonymous_6)","decl":{"start":{"line":29,"column":33},"end":{"line":29,"column":34}},"loc":{"start":{"line":29,"column":43},"end":{"line":33,"column":1}},"line":29},"7":{"name":"(anonymous_7)","decl":{"start":{"line":30,"column":55},"end":{"line":30,"column":56}},"loc":{"start":{"line":31,"column":4},"end":{"line":31,"column":28}},"line":31},"8":{"name":"(anonymous_8)","decl":{"start":{"line":36,"column":22},"end":{"line":36,"column":23}},"loc":{"start":{"line":36,"column":32},"end":{"line":49,"column":1}},"line":36},"9":{"name":"(anonymous_9)","decl":{"start":{"line":43,"column":43},"end":{"line":43,"column":44}},"loc":{"start":{"line":43,"column":56},"end":{"line":46,"column":5}},"line":43},"10":{"name":"(anonymous_10)","decl":{"start":{"line":52,"column":17},"end":{"line":52,"column":18}},"loc":{"start":{"line":52,"column":27},"end":{"line":57,"column":1}},"line":52},"11":{"name":"(anonymous_11)","decl":{"start":{"line":59,"column":25},"end":{"line":59,"column":26}},"loc":{"start":{"line":59,"column":42},"end":{"line":82,"column":1}},"line":59},"12":{"name":"(anonymous_12)","decl":{"start":{"line":84,"column":21},"end":{"line":84,"column":22}},"loc":{"start":{"line":84,"column":49},"end":{"line":100,"column":1}},"line":84},"13":{"name":"(anonymous_13)","decl":{"start":{"line":87,"column":26},"end":{"line":87,"column":27}},"loc":{"start":{"line":87,"column":34},"end":{"line":98,"column":5}},"line":87},"14":{"name":"(anonymous_14)","decl":{"start":{"line":88,"column":22},"end":{"line":88,"column":23}},"loc":{"start":{"line":88,"column":45},"end":{"line":95,"column":7}},"line":88},"15":{"name":"(anonymous_15)","decl":{"start":{"line":102,"column":21},"end":{"line":102,"column":22}},"loc":{"start":{"line":102,"column":37},"end":{"line":112,"column":1}},"line":102},"16":{"name":"(anonymous_16)","decl":{"start":{"line":104,"column":17},"end":{"line":104,"column":18}},"loc":{"start":{"line":104,"column":25},"end":{"line":106,"column":3}},"line":104},"17":{"name":"(anonymous_17)","decl":{"start":{"line":109,"column":8},"end":{"line":109,"column":9}},"loc":{"start":{"line":109,"column":16},"end":{"line":109,"column":35}},"line":109},"18":{"name":"(anonymous_18)","decl":{"start":{"line":110,"column":9},"end":{"line":110,"column":10}},"loc":{"start":{"line":110,"column":16},"end":{"line":110,"column":46}},"line":110},"19":{"name":"(anonymous_19)","decl":{"start":{"line":114,"column":20},"end":{"line":114,"column":21}},"loc":{"start":{"line":114,"column":36},"end":{"line":146,"column":1}},"line":114},"20":{"name":"(anonymous_20)","decl":{"start":{"line":115,"column":44},"end":{"line":115,"column":45}},"loc":{"start":{"line":116,"column":4},"end":{"line":144,"column":8}},"line":116},"21":{"name":"(anonymous_21)","decl":{"start":{"line":117,"column":12},"end":{"line":117,"column":13}},"loc":{"start":{"line":117,"column":24},"end":{"line":135,"column":7}},"line":117},"22":{"name":"(anonymous_22)","decl":{"start":{"line":136,"column":13},"end":{"line":136,"column":14}},"loc":{"start":{"line":136,"column":19},"end":{"line":144,"column":7}},"line":136},"23":{"name":"(anonymous_23)","decl":{"start":{"line":148,"column":20},"end":{"line":148,"column":21}},"loc":{"start":{"line":148,"column":30},"end":{"line":159,"column":1}},"line":148},"24":{"name":"(anonymous_24)","decl":{"start":{"line":151,"column":29},"end":{"line":151,"column":30}},"loc":{"start":{"line":151,"column":37},"end":{"line":151,"column":46}},"line":151},"25":{"name":"(anonymous_25)","decl":{"start":{"line":161,"column":20},"end":{"line":161,"column":21}},"loc":{"start":{"line":161,"column":41},"end":{"line":178,"column":1}},"line":161},"26":{"name":"(anonymous_26)","decl":{"start":{"line":164,"column":8},"end":{"line":164,"column":9}},"loc":{"start":{"line":164,"column":16},"end":{"line":176,"column":3}},"line":164},"27":{"name":"(anonymous_27)","decl":{"start":{"line":169,"column":45},"end":{"line":169,"column":46}},"loc":{"start":{"line":169,"column":53},"end":{"line":169,"column":64}},"line":169},"28":{"name":"(anonymous_28)","decl":{"start":{"line":177,"column":9},"end":{"line":177,"column":10}},"loc":{"start":{"line":177,"column":16},"end":{"line":177,"column":34}},"line":177},"29":{"name":"(anonymous_29)","decl":{"start":{"line":180,"column":29},"end":{"line":180,"column":30}},"loc":{"start":{"line":180,"column":50},"end":{"line":200,"column":1}},"line":180},"30":{"name":"(anonymous_30)","decl":{"start":{"line":185,"column":10},"end":{"line":185,"column":11}},"loc":{"start":{"line":185,"column":18},"end":{"line":198,"column":5}},"line":185},"31":{"name":"(anonymous_31)","decl":{"start":{"line":190,"column":47},"end":{"line":190,"column":48}},"loc":{"start":{"line":190,"column":55},"end":{"line":190,"column":66}},"line":190},"32":{"name":"(anonymous_32)","decl":{"start":{"line":199,"column":11},"end":{"line":199,"column":12}},"loc":{"start":{"line":199,"column":18},"end":{"line":199,"column":36}},"line":199},"33":{"name":"(anonymous_33)","decl":{"start":{"line":203,"column":16},"end":{"line":203,"column":17}},"loc":{"start":{"line":203,"column":39},"end":{"line":243,"column":1}},"line":203},"34":{"name":"(anonymous_34)","decl":{"start":{"line":205,"column":21},"end":{"line":205,"column":22}},"loc":{"start":{"line":205,"column":42},"end":{"line":242,"column":3}},"line":205},"35":{"name":"(anonymous_35)","decl":{"start":{"line":226,"column":51},"end":{"line":226,"column":52}},"loc":{"start":{"line":226,"column":59},"end":{"line":238,"column":9}},"line":226}},"branchMap":{"0":{"loc":{"start":{"line":24,"column":21},"end":{"line":24,"column":100}},"type":"cond-expr","locations":[{"start":{"line":24,"column":44},"end":{"line":24,"column":64}},{"start":{"line":24,"column":66},"end":{"line":24,"column":100}}],"line":24},"1":{"loc":{"start":{"line":38,"column":2},"end":{"line":47,"column":3}},"type":"if","locations":[{"start":{"line":38,"column":2},"end":{"line":47,"column":3}},{"start":{"line":38,"column":2},"end":{"line":47,"column":3}}],"line":38},"2":{"loc":{"start":{"line":39,"column":4},"end":{"line":41,"column":5}},"type":"if","locations":[{"start":{"line":39,"column":4},"end":{"line":41,"column":5}},{"start":{"line":39,"column":4},"end":{"line":41,"column":5}}],"line":39},"3":{"loc":{"start":{"line":42,"column":9},"end":{"line":47,"column":3}},"type":"if","locations":[{"start":{"line":42,"column":9},"end":{"line":47,"column":3}},{"start":{"line":42,"column":9},"end":{"line":47,"column":3}}],"line":42},"4":{"loc":{"start":{"line":63,"column":2},"end":{"line":80,"column":3}},"type":"if","locations":[{"start":{"line":63,"column":2},"end":{"line":80,"column":3}},{"start":{"line":63,"column":2},"end":{"line":80,"column":3}}],"line":63},"5":{"loc":{"start":{"line":64,"column":4},"end":{"line":77,"column":5}},"type":"if","locations":[{"start":{"line":64,"column":4},"end":{"line":77,"column":5}},{"start":{"line":64,"column":4},"end":{"line":77,"column":5}}],"line":64},"6":{"loc":{"start":{"line":66,"column":6},"end":{"line":74,"column":7}},"type":"if","locations":[{"start":{"line":66,"column":6},"end":{"line":74,"column":7}},{"start":{"line":66,"column":6},"end":{"line":74,"column":7}}],"line":66},"7":{"loc":{"start":{"line":67,"column":8},"end":{"line":69,"column":65}},"type":"cond-expr","locations":[{"start":{"line":68,"column":10},"end":{"line":68,"column":61}},{"start":{"line":69,"column":10},"end":{"line":69,"column":65}}],"line":67},"8":{"loc":{"start":{"line":70,"column":13},"end":{"line":74,"column":7}},"type":"if","locations":[{"start":{"line":70,"column":13},"end":{"line":74,"column":7}},{"start":{"line":70,"column":13},"end":{"line":74,"column":7}}],"line":70},"9":{"loc":{"start":{"line":71,"column":8},"end":{"line":73,"column":65}},"type":"cond-expr","locations":[{"start":{"line":72,"column":10},"end":{"line":72,"column":75}},{"start":{"line":73,"column":10},"end":{"line":73,"column":65}}],"line":71},"10":{"loc":{"start":{"line":118,"column":8},"end":{"line":134,"column":9}},"type":"if","locations":[{"start":{"line":118,"column":8},"end":{"line":134,"column":9}},{"start":{"line":118,"column":8},"end":{"line":134,"column":9}}],"line":118},"11":{"loc":{"start":{"line":118,"column":11},"end":{"line":118,"column":63}},"type":"binary-expr","locations":[{"start":{"line":118,"column":12},"end":{"line":118,"column":34}},{"start":{"line":118,"column":40},"end":{"line":118,"column":62}}],"line":118},"12":{"loc":{"start":{"line":126,"column":15},"end":{"line":134,"column":9}},"type":"if","locations":[{"start":{"line":126,"column":15},"end":{"line":134,"column":9}},{"start":{"line":126,"column":15},"end":{"line":134,"column":9}}],"line":126},"13":{"loc":{"start":{"line":126,"column":19},"end":{"line":126,"column":69}},"type":"binary-expr","locations":[{"start":{"line":126,"column":20},"end":{"line":126,"column":41}},{"start":{"line":126,"column":47},"end":{"line":126,"column":68}}],"line":126},"14":{"loc":{"start":{"line":203,"column":23},"end":{"line":203,"column":33}},"type":"default-arg","locations":[{"start":{"line":203,"column":31},"end":{"line":203,"column":33}}],"line":203},"15":{"loc":{"start":{"line":209,"column":4},"end":{"line":211,"column":5}},"type":"if","locations":[{"start":{"line":209,"column":4},"end":{"line":211,"column":5}},{"start":{"line":209,"column":4},"end":{"line":211,"column":5}}],"line":209},"16":{"loc":{"start":{"line":212,"column":4},"end":{"line":241,"column":5}},"type":"if","locations":[{"start":{"line":212,"column":4},"end":{"line":241,"column":5}},{"start":{"line":212,"column":4},"end":{"line":241,"column":5}}],"line":212},"17":{"loc":{"start":{"line":214,"column":6},"end":{"line":221,"column":7}},"type":"if","locations":[{"start":{"line":214,"column":6},"end":{"line":221,"column":7}},{"start":{"line":214,"column":6},"end":{"line":221,"column":7}}],"line":214},"18":{"loc":{"start":{"line":217,"column":13},"end":{"line":221,"column":7}},"type":"if","locations":[{"start":{"line":217,"column":13},"end":{"line":221,"column":7}},{"start":{"line":217,"column":13},"end":{"line":221,"column":7}}],"line":217},"19":{"loc":{"start":{"line":223,"column":6},"end":{"line":240,"column":7}},"type":"if","locations":[{"start":{"line":223,"column":6},"end":{"line":240,"column":7}},{"start":{"line":223,"column":6},"end":{"line":240,"column":7}}],"line":223},"20":{"loc":{"start":{"line":227,"column":10},"end":{"line":235,"column":11}},"type":"if","locations":[{"start":{"line":227,"column":10},"end":{"line":235,"column":11}},{"start":{"line":227,"column":10},"end":{"line":235,"column":11}}],"line":227},"21":{"loc":{"start":{"line":229,"column":17},"end":{"line":235,"column":11}},"type":"if","locations":[{"start":{"line":229,"column":17},"end":{"line":235,"column":11}},{"start":{"line":229,"column":17},"end":{"line":235,"column":11}}],"line":229},"22":{"loc":{"start":{"line":231,"column":17},"end":{"line":235,"column":11}},"type":"if","locations":[{"start":{"line":231,"column":17},"end":{"line":235,"column":11}},{"start":{"line":231,"column":17},"end":{"line":235,"column":11}}],"line":231}},"s":{"0":1,"1":1,"2":1,"3":1,"4":1,"5":1,"6":1,"7":2,"8":1,"9":1,"10":1,"11":2,"12":1,"13":1,"14":1,"15":1,"16":1,"17":1,"18":1,"19":2,"20":1,"21":1,"22":1,"23":1,"24":1,"25":1,"26":0,"27":0,"28":0,"29":0,"30":1,"31":1,"32":0,"33":0,"34":0,"35":0,"36":1,"37":0,"38":0,"39":0,"40":0,"41":0,"42":0,"43":0,"44":0,"45":0,"46":0,"47":0,"48":0,"49":0,"50":1,"51":0,"52":0,"53":0,"54":0,"55":0,"56":0,"57":0,"58":0,"59":0,"60":1,"61":0,"62":0,"63":0,"64":0,"65":0,"66":0,"67":1,"68":0,"69":0,"70":0,"71":0,"72":0,"73":0,"74":0,"75":0,"76":1,"77":0,"78":0,"79":0,"80":0,"81":0,"82":0,"83":0,"84":1,"85":0,"86":0,"87":0,"88":0,"89":0,"90":0,"91":0,"92":0,"93":0,"94":0,"95":0,"96":0,"97":1,"98":0,"99":0,"100":0,"101":0,"102":0,"103":0,"104":0,"105":0,"106":0,"107":0,"108":0,"109":0,"110":0,"111":0,"112":0,"113":1,"114":0,"115":0,"116":0,"117":0,"118":0,"119":0,"120":0,"121":0,"122":0,"123":0,"124":0,"125":0,"126":0,"127":0,"128":0,"129":0,"130":0,"131":0,"132":0,"133":0,"134":0,"135":0,"136":0,"137":0,"138":0,"139":0,"140":0,"141":0,"142":0,"143":0,"144":1},"f":{"0":1,"1":2,"2":1,"3":2,"4":1,"5":1,"6":1,"7":2,"8":1,"9":0,"10":0,"11":0,"12":0,"13":0,"14":0,"15":0,"16":0,"17":0,"18":0,"19":0,"20":0,"21":0,"22":0,"23":0,"24":0,"25":0,"26":0,"27":0,"28":0,"29":0,"30":0,"31":0,"32":0,"33":0,"34":0,"35":0},"b":{"0":[1,0],"1":[1,0],"2":[1,0],"3":[0,0],"4":[0,0],"5":[0,0],"6":[0,0],"7":[0,0],"8":[0,0],"9":[0,0],"10":[0,0],"11":[0,0],"12":[0,0],"13":[0,0],"14":[0],"15":[0,0],"16":[0,0],"17":[0,0],"18":[0,0],"19":[0,0],"20":[0,0],"21":[0,0],"22":[0,0]},"_coverageSchema":"1a1c01bbd47fc00a2c39e90264f33305004495a9","hash":"06827ed354e363efb86cf549f33b64472a56dc19"}
}
