{"C:\\Users\\N14\\Documents\\GitHub\\LIM014-mdlinks\\src\\index.js": {"path":"C:\\Users\\N14\\Documents\\GitHub\\LIM014-mdlinks\\src\\index.js","statementMap":{"0":{"start":{"line":3,"column":13},"end":{"line":3,"column":28}},"1":{"start":{"line":4,"column":11},"end":{"line":4,"column":24}},"2":{"start":{"line":5,"column":15},"end":{"line":5,"column":32}},"3":{"start":{"line":6,"column":14},"end":{"line":6,"column":35}},"4":{"start":{"line":9,"column":20},"end":{"line":9,"column":51}},"5":{"start":{"line":9,"column":31},"end":{"line":9,"column":50}},"6":{"start":{"line":12,"column":16},"end":{"line":12,"column":50}},"7":{"start":{"line":12,"column":24},"end":{"line":12,"column":50}},"8":{"start":{"line":14,"column":20},"end":{"line":14,"column":64}},"9":{"start":{"line":14,"column":31},"end":{"line":14,"column":63}},"10":{"start":{"line":17,"column":13},"end":{"line":17,"column":43}},"11":{"start":{"line":17,"column":24},"end":{"line":17,"column":42}},"12":{"start":{"line":20,"column":21},"end":{"line":20,"column":63}},"13":{"start":{"line":20,"column":31},"end":{"line":20,"column":63}},"14":{"start":{"line":23,"column":23},"end":{"line":26,"column":1}},"15":{"start":{"line":24,"column":21},"end":{"line":24,"column":100}},"16":{"start":{"line":25,"column":2},"end":{"line":25,"column":20}},"17":{"start":{"line":29,"column":33},"end":{"line":33,"column":1}},"18":{"start":{"line":30,"column":30},"end":{"line":31,"column":29}},"19":{"start":{"line":31,"column":4},"end":{"line":31,"column":28}},"20":{"start":{"line":32,"column":2},"end":{"line":32,"column":29}},"21":{"start":{"line":36,"column":22},"end":{"line":49,"column":1}},"22":{"start":{"line":37,"column":26},"end":{"line":37,"column":28}},"23":{"start":{"line":38,"column":2},"end":{"line":47,"column":3}},"24":{"start":{"line":39,"column":4},"end":{"line":41,"column":5}},"25":{"start":{"line":40,"column":6},"end":{"line":40,"column":35}},"26":{"start":{"line":42,"column":9},"end":{"line":47,"column":3}},"27":{"start":{"line":43,"column":4},"end":{"line":46,"column":7}},"28":{"start":{"line":44,"column":35},"end":{"line":44,"column":57}},"29":{"start":{"line":45,"column":6},"end":{"line":45,"column":73}},"30":{"start":{"line":48,"column":2},"end":{"line":48,"column":27}},"31":{"start":{"line":52,"column":17},"end":{"line":57,"column":1}},"32":{"start":{"line":53,"column":17},"end":{"line":53,"column":36}},"33":{"start":{"line":54,"column":16},"end":{"line":54,"column":34}},"34":{"start":{"line":55,"column":17},"end":{"line":55,"column":50}},"35":{"start":{"line":56,"column":2},"end":{"line":56,"column":17}},"36":{"start":{"line":59,"column":25},"end":{"line":82,"column":1}},"37":{"start":{"line":60,"column":17},"end":{"line":60,"column":31}},"38":{"start":{"line":61,"column":21},"end":{"line":61,"column":23}},"39":{"start":{"line":62,"column":21},"end":{"line":62,"column":23}},"40":{"start":{"line":63,"column":2},"end":{"line":80,"column":3}},"41":{"start":{"line":64,"column":4},"end":{"line":77,"column":5}},"42":{"start":{"line":65,"column":6},"end":{"line":65,"column":46}},"43":{"start":{"line":66,"column":6},"end":{"line":74,"column":7}},"44":{"start":{"line":67,"column":8},"end":{"line":69,"column":65}},"45":{"start":{"line":70,"column":13},"end":{"line":74,"column":7}},"46":{"start":{"line":71,"column":8},"end":{"line":73,"column":65}},"47":{"start":{"line":76,"column":6},"end":{"line":76,"column":43}},"48":{"start":{"line":79,"column":4},"end":{"line":79,"column":33}},"49":{"start":{"line":81,"column":2},"end":{"line":81,"column":21}},"50":{"start":{"line":84,"column":21},"end":{"line":99,"column":1}},"51":{"start":{"line":85,"column":21},"end":{"line":85,"column":23}},"52":{"start":{"line":86,"column":21},"end":{"line":86,"column":42}},"53":{"start":{"line":87,"column":4},"end":{"line":97,"column":7}},"54":{"start":{"line":88,"column":6},"end":{"line":95,"column":8}},"55":{"start":{"line":89,"column":31},"end":{"line":93,"column":9}},"56":{"start":{"line":94,"column":8},"end":{"line":94,"column":40}},"57":{"start":{"line":96,"column":6},"end":{"line":96,"column":47}},"58":{"start":{"line":98,"column":4},"end":{"line":98,"column":22}},"59":{"start":{"line":101,"column":21},"end":{"line":111,"column":1}},"60":{"start":{"line":102,"column":28},"end":{"line":102,"column":30}},"61":{"start":{"line":103,"column":2},"end":{"line":105,"column":4}},"62":{"start":{"line":104,"column":4},"end":{"line":104,"column":34}},"63":{"start":{"line":106,"column":2},"end":{"line":110,"column":3}},"64":{"start":{"line":108,"column":16},"end":{"line":108,"column":35}},"65":{"start":{"line":109,"column":16},"end":{"line":109,"column":46}},"66":{"start":{"line":113,"column":20},"end":{"line":145,"column":1}},"67":{"start":{"line":114,"column":29},"end":{"line":143,"column":9}},"68":{"start":{"line":115,"column":4},"end":{"line":143,"column":8}},"69":{"start":{"line":117,"column":8},"end":{"line":133,"column":9}},"70":{"start":{"line":118,"column":10},"end":{"line":124,"column":11}},"71":{"start":{"line":125,"column":15},"end":{"line":133,"column":9}},"72":{"start":{"line":126,"column":10},"end":{"line":132,"column":11}},"73":{"start":{"line":136,"column":8},"end":{"line":142,"column":9}},"74":{"start":{"line":144,"column":3},"end":{"line":144,"column":41}},"75":{"start":{"line":147,"column":20},"end":{"line":158,"column":1}},"76":{"start":{"line":148,"column":22},"end":{"line":148,"column":33}},"77":{"start":{"line":149,"column":19},"end":{"line":149,"column":50}},"78":{"start":{"line":150,"column":20},"end":{"line":150,"column":47}},"79":{"start":{"line":150,"column":37},"end":{"line":150,"column":46}},"80":{"start":{"line":151,"column":21},"end":{"line":151,"column":46}},"81":{"start":{"line":152,"column":25},"end":{"line":156,"column":3}},"82":{"start":{"line":157,"column":2},"end":{"line":157,"column":23}},"83":{"start":{"line":160,"column":20},"end":{"line":177,"column":1}},"84":{"start":{"line":161,"column":20},"end":{"line":161,"column":22}},"85":{"start":{"line":162,"column":2},"end":{"line":176,"column":35}},"86":{"start":{"line":164,"column":4},"end":{"line":167,"column":5}},"87":{"start":{"line":164,"column":21},"end":{"line":164,"column":22}},"88":{"start":{"line":165,"column":22},"end":{"line":165,"column":40}},"89":{"start":{"line":166,"column":6},"end":{"line":166,"column":31}},"90":{"start":{"line":168,"column":25},"end":{"line":168,"column":73}},"91":{"start":{"line":168,"column":53},"end":{"line":168,"column":64}},"92":{"start":{"line":169,"column":24},"end":{"line":169,"column":36}},"93":{"start":{"line":170,"column":27},"end":{"line":173,"column":5}},"94":{"start":{"line":174,"column":4},"end":{"line":174,"column":58}},"95":{"start":{"line":176,"column":16},"end":{"line":176,"column":34}},"96":{"start":{"line":179,"column":29},"end":{"line":199,"column":1}},"97":{"start":{"line":180,"column":20},"end":{"line":180,"column":22}},"98":{"start":{"line":181,"column":23},"end":{"line":181,"column":25}},"99":{"start":{"line":182,"column":18},"end":{"line":182,"column":20}},"100":{"start":{"line":183,"column":4},"end":{"line":198,"column":37}},"101":{"start":{"line":185,"column":6},"end":{"line":188,"column":7}},"102":{"start":{"line":185,"column":23},"end":{"line":185,"column":24}},"103":{"start":{"line":186,"column":24},"end":{"line":186,"column":42}},"104":{"start":{"line":187,"column":8},"end":{"line":187,"column":33}},"105":{"start":{"line":189,"column":27},"end":{"line":189,"column":75}},"106":{"start":{"line":189,"column":55},"end":{"line":189,"column":66}},"107":{"start":{"line":190,"column":26},"end":{"line":190,"column":38}},"108":{"start":{"line":191,"column":6},"end":{"line":194,"column":7}},"109":{"start":{"line":195,"column":6},"end":{"line":195,"column":36}},"110":{"start":{"line":196,"column":6},"end":{"line":196,"column":38}},"111":{"start":{"line":198,"column":18},"end":{"line":198,"column":36}},"112":{"start":{"line":202,"column":16},"end":{"line":242,"column":1}},"113":{"start":{"line":203,"column":27},"end":{"line":203,"column":29}},"114":{"start":{"line":204,"column":2},"end":{"line":241,"column":5}},"115":{"start":{"line":205,"column":16},"end":{"line":205,"column":32}},"116":{"start":{"line":206,"column":21},"end":{"line":206,"column":34}},"117":{"start":{"line":207,"column":29},"end":{"line":207,"column":50}},"118":{"start":{"line":208,"column":4},"end":{"line":210,"column":5}},"119":{"start":{"line":209,"column":6},"end":{"line":209,"column":29}},"120":{"start":{"line":211,"column":4},"end":{"line":240,"column":5}},"121":{"start":{"line":212,"column":6},"end":{"line":212,"column":44}},"122":{"start":{"line":213,"column":6},"end":{"line":220,"column":7}},"123":{"start":{"line":214,"column":31},"end":{"line":214,"column":78}},"124":{"start":{"line":215,"column":8},"end":{"line":215,"column":97}},"125":{"start":{"line":216,"column":13},"end":{"line":220,"column":7}},"126":{"start":{"line":217,"column":31},"end":{"line":217,"column":86}},"127":{"start":{"line":218,"column":25},"end":{"line":218,"column":96}},"128":{"start":{"line":219,"column":8},"end":{"line":219,"column":25}},"129":{"start":{"line":222,"column":6},"end":{"line":239,"column":7}},"130":{"start":{"line":223,"column":8},"end":{"line":223,"column":53}},"131":{"start":{"line":225,"column":27},"end":{"line":237,"column":10}},"132":{"start":{"line":226,"column":10},"end":{"line":234,"column":11}},"133":{"start":{"line":227,"column":12},"end":{"line":227,"column":48}},"134":{"start":{"line":228,"column":17},"end":{"line":234,"column":11}},"135":{"start":{"line":229,"column":13},"end":{"line":229,"column":67}},"136":{"start":{"line":230,"column":17},"end":{"line":234,"column":11}},"137":{"start":{"line":231,"column":30},"end":{"line":231,"column":85}},"138":{"start":{"line":232,"column":30},"end":{"line":232,"column":105}},"139":{"start":{"line":233,"column":12},"end":{"line":233,"column":28}},"140":{"start":{"line":235,"column":12},"end":{"line":235,"column":62}},"141":{"start":{"line":236,"column":12},"end":{"line":236,"column":37}},"142":{"start":{"line":238,"column":8},"end":{"line":238,"column":26}},"143":{"start":{"line":243,"column":0},"end":{"line":259,"column":1}}},"fnMap":{"0":{"name":"(anonymous_0)","decl":{"start":{"line":9,"column":20},"end":{"line":9,"column":21}},"loc":{"start":{"line":9,"column":31},"end":{"line":9,"column":50}},"line":9},"1":{"name":"(anonymous_1)","decl":{"start":{"line":12,"column":16},"end":{"line":12,"column":17}},"loc":{"start":{"line":12,"column":24},"end":{"line":12,"column":50}},"line":12},"2":{"name":"(anonymous_2)","decl":{"start":{"line":14,"column":20},"end":{"line":14,"column":21}},"loc":{"start":{"line":14,"column":31},"end":{"line":14,"column":63}},"line":14},"3":{"name":"(anonymous_3)","decl":{"start":{"line":17,"column":13},"end":{"line":17,"column":14}},"loc":{"start":{"line":17,"column":24},"end":{"line":17,"column":42}},"line":17},"4":{"name":"(anonymous_4)","decl":{"start":{"line":20,"column":21},"end":{"line":20,"column":22}},"loc":{"start":{"line":20,"column":31},"end":{"line":20,"column":63}},"line":20},"5":{"name":"(anonymous_5)","decl":{"start":{"line":23,"column":23},"end":{"line":23,"column":24}},"loc":{"start":{"line":23,"column":33},"end":{"line":26,"column":1}},"line":23},"6":{"name":"(anonymous_6)","decl":{"start":{"line":29,"column":33},"end":{"line":29,"column":34}},"loc":{"start":{"line":29,"column":43},"end":{"line":33,"column":1}},"line":29},"7":{"name":"(anonymous_7)","decl":{"start":{"line":30,"column":55},"end":{"line":30,"column":56}},"loc":{"start":{"line":31,"column":4},"end":{"line":31,"column":28}},"line":31},"8":{"name":"(anonymous_8)","decl":{"start":{"line":36,"column":22},"end":{"line":36,"column":23}},"loc":{"start":{"line":36,"column":32},"end":{"line":49,"column":1}},"line":36},"9":{"name":"(anonymous_9)","decl":{"start":{"line":43,"column":43},"end":{"line":43,"column":44}},"loc":{"start":{"line":43,"column":56},"end":{"line":46,"column":5}},"line":43},"10":{"name":"(anonymous_10)","decl":{"start":{"line":52,"column":17},"end":{"line":52,"column":18}},"loc":{"start":{"line":52,"column":27},"end":{"line":57,"column":1}},"line":52},"11":{"name":"(anonymous_11)","decl":{"start":{"line":59,"column":25},"end":{"line":59,"column":26}},"loc":{"start":{"line":59,"column":42},"end":{"line":82,"column":1}},"line":59},"12":{"name":"(anonymous_12)","decl":{"start":{"line":84,"column":21},"end":{"line":84,"column":22}},"loc":{"start":{"line":84,"column":49},"end":{"line":99,"column":1}},"line":84},"13":{"name":"(anonymous_13)","decl":{"start":{"line":87,"column":26},"end":{"line":87,"column":27}},"loc":{"start":{"line":87,"column":34},"end":{"line":97,"column":5}},"line":87},"14":{"name":"(anonymous_14)","decl":{"start":{"line":88,"column":22},"end":{"line":88,"column":23}},"loc":{"start":{"line":88,"column":45},"end":{"line":95,"column":7}},"line":88},"15":{"name":"(anonymous_15)","decl":{"start":{"line":101,"column":21},"end":{"line":101,"column":22}},"loc":{"start":{"line":101,"column":37},"end":{"line":111,"column":1}},"line":101},"16":{"name":"(anonymous_16)","decl":{"start":{"line":103,"column":17},"end":{"line":103,"column":18}},"loc":{"start":{"line":103,"column":25},"end":{"line":105,"column":3}},"line":103},"17":{"name":"(anonymous_17)","decl":{"start":{"line":108,"column":8},"end":{"line":108,"column":9}},"loc":{"start":{"line":108,"column":16},"end":{"line":108,"column":35}},"line":108},"18":{"name":"(anonymous_18)","decl":{"start":{"line":109,"column":9},"end":{"line":109,"column":10}},"loc":{"start":{"line":109,"column":16},"end":{"line":109,"column":46}},"line":109},"19":{"name":"(anonymous_19)","decl":{"start":{"line":113,"column":20},"end":{"line":113,"column":21}},"loc":{"start":{"line":113,"column":36},"end":{"line":145,"column":1}},"line":113},"20":{"name":"(anonymous_20)","decl":{"start":{"line":114,"column":44},"end":{"line":114,"column":45}},"loc":{"start":{"line":115,"column":4},"end":{"line":143,"column":8}},"line":115},"21":{"name":"(anonymous_21)","decl":{"start":{"line":116,"column":12},"end":{"line":116,"column":13}},"loc":{"start":{"line":116,"column":24},"end":{"line":134,"column":7}},"line":116},"22":{"name":"(anonymous_22)","decl":{"start":{"line":135,"column":13},"end":{"line":135,"column":14}},"loc":{"start":{"line":135,"column":19},"end":{"line":143,"column":7}},"line":135},"23":{"name":"(anonymous_23)","decl":{"start":{"line":147,"column":20},"end":{"line":147,"column":21}},"loc":{"start":{"line":147,"column":30},"end":{"line":158,"column":1}},"line":147},"24":{"name":"(anonymous_24)","decl":{"start":{"line":150,"column":29},"end":{"line":150,"column":30}},"loc":{"start":{"line":150,"column":37},"end":{"line":150,"column":46}},"line":150},"25":{"name":"(anonymous_25)","decl":{"start":{"line":160,"column":20},"end":{"line":160,"column":21}},"loc":{"start":{"line":160,"column":41},"end":{"line":177,"column":1}},"line":160},"26":{"name":"(anonymous_26)","decl":{"start":{"line":163,"column":8},"end":{"line":163,"column":9}},"loc":{"start":{"line":163,"column":16},"end":{"line":175,"column":3}},"line":163},"27":{"name":"(anonymous_27)","decl":{"start":{"line":168,"column":45},"end":{"line":168,"column":46}},"loc":{"start":{"line":168,"column":53},"end":{"line":168,"column":64}},"line":168},"28":{"name":"(anonymous_28)","decl":{"start":{"line":176,"column":9},"end":{"line":176,"column":10}},"loc":{"start":{"line":176,"column":16},"end":{"line":176,"column":34}},"line":176},"29":{"name":"(anonymous_29)","decl":{"start":{"line":179,"column":29},"end":{"line":179,"column":30}},"loc":{"start":{"line":179,"column":50},"end":{"line":199,"column":1}},"line":179},"30":{"name":"(anonymous_30)","decl":{"start":{"line":184,"column":10},"end":{"line":184,"column":11}},"loc":{"start":{"line":184,"column":18},"end":{"line":197,"column":5}},"line":184},"31":{"name":"(anonymous_31)","decl":{"start":{"line":189,"column":47},"end":{"line":189,"column":48}},"loc":{"start":{"line":189,"column":55},"end":{"line":189,"column":66}},"line":189},"32":{"name":"(anonymous_32)","decl":{"start":{"line":198,"column":11},"end":{"line":198,"column":12}},"loc":{"start":{"line":198,"column":18},"end":{"line":198,"column":36}},"line":198},"33":{"name":"(anonymous_33)","decl":{"start":{"line":202,"column":16},"end":{"line":202,"column":17}},"loc":{"start":{"line":202,"column":39},"end":{"line":242,"column":1}},"line":202},"34":{"name":"(anonymous_34)","decl":{"start":{"line":204,"column":21},"end":{"line":204,"column":22}},"loc":{"start":{"line":204,"column":42},"end":{"line":241,"column":3}},"line":204},"35":{"name":"(anonymous_35)","decl":{"start":{"line":225,"column":51},"end":{"line":225,"column":52}},"loc":{"start":{"line":225,"column":59},"end":{"line":237,"column":9}},"line":225}},"branchMap":{"0":{"loc":{"start":{"line":24,"column":21},"end":{"line":24,"column":100}},"type":"cond-expr","locations":[{"start":{"line":24,"column":44},"end":{"line":24,"column":64}},{"start":{"line":24,"column":66},"end":{"line":24,"column":100}}],"line":24},"1":{"loc":{"start":{"line":38,"column":2},"end":{"line":47,"column":3}},"type":"if","locations":[{"start":{"line":38,"column":2},"end":{"line":47,"column":3}},{"start":{"line":38,"column":2},"end":{"line":47,"column":3}}],"line":38},"2":{"loc":{"start":{"line":39,"column":4},"end":{"line":41,"column":5}},"type":"if","locations":[{"start":{"line":39,"column":4},"end":{"line":41,"column":5}},{"start":{"line":39,"column":4},"end":{"line":41,"column":5}}],"line":39},"3":{"loc":{"start":{"line":42,"column":9},"end":{"line":47,"column":3}},"type":"if","locations":[{"start":{"line":42,"column":9},"end":{"line":47,"column":3}},{"start":{"line":42,"column":9},"end":{"line":47,"column":3}}],"line":42},"4":{"loc":{"start":{"line":63,"column":2},"end":{"line":80,"column":3}},"type":"if","locations":[{"start":{"line":63,"column":2},"end":{"line":80,"column":3}},{"start":{"line":63,"column":2},"end":{"line":80,"column":3}}],"line":63},"5":{"loc":{"start":{"line":64,"column":4},"end":{"line":77,"column":5}},"type":"if","locations":[{"start":{"line":64,"column":4},"end":{"line":77,"column":5}},{"start":{"line":64,"column":4},"end":{"line":77,"column":5}}],"line":64},"6":{"loc":{"start":{"line":66,"column":6},"end":{"line":74,"column":7}},"type":"if","locations":[{"start":{"line":66,"column":6},"end":{"line":74,"column":7}},{"start":{"line":66,"column":6},"end":{"line":74,"column":7}}],"line":66},"7":{"loc":{"start":{"line":67,"column":8},"end":{"line":69,"column":65}},"type":"cond-expr","locations":[{"start":{"line":68,"column":10},"end":{"line":68,"column":61}},{"start":{"line":69,"column":10},"end":{"line":69,"column":65}}],"line":67},"8":{"loc":{"start":{"line":70,"column":13},"end":{"line":74,"column":7}},"type":"if","locations":[{"start":{"line":70,"column":13},"end":{"line":74,"column":7}},{"start":{"line":70,"column":13},"end":{"line":74,"column":7}}],"line":70},"9":{"loc":{"start":{"line":71,"column":8},"end":{"line":73,"column":65}},"type":"cond-expr","locations":[{"start":{"line":72,"column":10},"end":{"line":72,"column":75}},{"start":{"line":73,"column":10},"end":{"line":73,"column":65}}],"line":71},"10":{"loc":{"start":{"line":117,"column":8},"end":{"line":133,"column":9}},"type":"if","locations":[{"start":{"line":117,"column":8},"end":{"line":133,"column":9}},{"start":{"line":117,"column":8},"end":{"line":133,"column":9}}],"line":117},"11":{"loc":{"start":{"line":117,"column":11},"end":{"line":117,"column":63}},"type":"binary-expr","locations":[{"start":{"line":117,"column":12},"end":{"line":117,"column":34}},{"start":{"line":117,"column":40},"end":{"line":117,"column":62}}],"line":117},"12":{"loc":{"start":{"line":125,"column":15},"end":{"line":133,"column":9}},"type":"if","locations":[{"start":{"line":125,"column":15},"end":{"line":133,"column":9}},{"start":{"line":125,"column":15},"end":{"line":133,"column":9}}],"line":125},"13":{"loc":{"start":{"line":125,"column":19},"end":{"line":125,"column":69}},"type":"binary-expr","locations":[{"start":{"line":125,"column":20},"end":{"line":125,"column":41}},{"start":{"line":125,"column":47},"end":{"line":125,"column":68}}],"line":125},"14":{"loc":{"start":{"line":202,"column":23},"end":{"line":202,"column":33}},"type":"default-arg","locations":[{"start":{"line":202,"column":31},"end":{"line":202,"column":33}}],"line":202},"15":{"loc":{"start":{"line":208,"column":4},"end":{"line":210,"column":5}},"type":"if","locations":[{"start":{"line":208,"column":4},"end":{"line":210,"column":5}},{"start":{"line":208,"column":4},"end":{"line":210,"column":5}}],"line":208},"16":{"loc":{"start":{"line":211,"column":4},"end":{"line":240,"column":5}},"type":"if","locations":[{"start":{"line":211,"column":4},"end":{"line":240,"column":5}},{"start":{"line":211,"column":4},"end":{"line":240,"column":5}}],"line":211},"17":{"loc":{"start":{"line":213,"column":6},"end":{"line":220,"column":7}},"type":"if","locations":[{"start":{"line":213,"column":6},"end":{"line":220,"column":7}},{"start":{"line":213,"column":6},"end":{"line":220,"column":7}}],"line":213},"18":{"loc":{"start":{"line":216,"column":13},"end":{"line":220,"column":7}},"type":"if","locations":[{"start":{"line":216,"column":13},"end":{"line":220,"column":7}},{"start":{"line":216,"column":13},"end":{"line":220,"column":7}}],"line":216},"19":{"loc":{"start":{"line":222,"column":6},"end":{"line":239,"column":7}},"type":"if","locations":[{"start":{"line":222,"column":6},"end":{"line":239,"column":7}},{"start":{"line":222,"column":6},"end":{"line":239,"column":7}}],"line":222},"20":{"loc":{"start":{"line":226,"column":10},"end":{"line":234,"column":11}},"type":"if","locations":[{"start":{"line":226,"column":10},"end":{"line":234,"column":11}},{"start":{"line":226,"column":10},"end":{"line":234,"column":11}}],"line":226},"21":{"loc":{"start":{"line":228,"column":17},"end":{"line":234,"column":11}},"type":"if","locations":[{"start":{"line":228,"column":17},"end":{"line":234,"column":11}},{"start":{"line":228,"column":17},"end":{"line":234,"column":11}}],"line":228},"22":{"loc":{"start":{"line":230,"column":17},"end":{"line":234,"column":11}},"type":"if","locations":[{"start":{"line":230,"column":17},"end":{"line":234,"column":11}},{"start":{"line":230,"column":17},"end":{"line":234,"column":11}}],"line":230}},"s":{"0":1,"1":1,"2":1,"3":1,"4":1,"5":1,"6":1,"7":4,"8":1,"9":2,"10":1,"11":4,"12":1,"13":3,"14":1,"15":4,"16":4,"17":1,"18":2,"19":4,"20":2,"21":1,"22":3,"23":3,"24":2,"25":2,"26":1,"27":1,"28":1,"29":1,"30":3,"31":1,"32":2,"33":2,"34":2,"35":2,"36":1,"37":1,"38":1,"39":1,"40":1,"41":1,"42":1,"43":1,"44":1,"45":0,"46":0,"47":0,"48":0,"49":1,"50":1,"51":2,"52":2,"53":2,"54":2,"55":2,"56":2,"57":2,"58":2,"59":1,"60":0,"61":0,"62":0,"63":0,"64":0,"65":0,"66":1,"67":3,"68":3,"69":1,"70":1,"71":0,"72":0,"73":1,"74":3,"75":1,"76":1,"77":1,"78":1,"79":1,"80":1,"81":1,"82":1,"83":1,"84":1,"85":1,"86":0,"87":0,"88":0,"89":0,"90":0,"91":0,"92":0,"93":0,"94":0,"95":0,"96":1,"97":0,"98":0,"99":0,"100":0,"101":0,"102":0,"103":0,"104":0,"105":0,"106":0,"107":0,"108":0,"109":0,"110":0,"111":0,"112":1,"113":0,"114":0,"115":0,"116":0,"117":0,"118":0,"119":0,"120":0,"121":0,"122":0,"123":0,"124":0,"125":0,"126":0,"127":0,"128":0,"129":0,"130":0,"131":0,"132":0,"133":0,"134":0,"135":0,"136":0,"137":0,"138":0,"139":0,"140":0,"141":0,"142":0,"143":1},"f":{"0":1,"1":4,"2":2,"3":4,"4":3,"5":4,"6":2,"7":4,"8":3,"9":1,"10":2,"11":1,"12":2,"13":2,"14":2,"15":0,"16":0,"17":0,"18":0,"19":3,"20":3,"21":1,"22":1,"23":1,"24":1,"25":1,"26":0,"27":0,"28":0,"29":0,"30":0,"31":0,"32":0,"33":0,"34":0,"35":0},"b":{"0":[4,0],"1":[2,1],"2":[2,0],"3":[1,0],"4":[1,0],"5":[1,0],"6":[1,0],"7":[1,0],"8":[0,0],"9":[0,0],"10":[1,0],"11":[1,1],"12":[0,0],"13":[0,0],"14":[0],"15":[0,0],"16":[0,0],"17":[0,0],"18":[0,0],"19":[0,0],"20":[0,0],"21":[0,0],"22":[0,0]},"_coverageSchema":"1a1c01bbd47fc00a2c39e90264f33305004495a9","hash":"4b2b6f106f4c95b2b588cd323b5ca7e3a50a651b"}
}
