TN:
SF:src\index.js
FN:7,(anonymous_0)
FN:10,(anonymous_1)
FN:12,(anonymous_2)
FN:15,(anonymous_3)
FN:18,(anonymous_4)
FN:21,(anonymous_5)
FN:27,(anonymous_6)
FN:28,(anonymous_7)
FN:34,(anonymous_8)
FN:41,(anonymous_9)
FN:50,(anonymous_10)
FN:58,(anonymous_11)
FN:84,(anonymous_12)
FN:87,(anonymous_13)
FN:88,(anonymous_14)
FN:102,(anonymous_15)
FN:104,(anonymous_16)
FN:113,(anonymous_17)
FN:114,(anonymous_18)
FN:116,(anonymous_19)
FN:135,(anonymous_20)
FN:148,(anonymous_21)
FN:149,(anonymous_22)
FN:156,(anonymous_23)
FN:161,(anonymous_24)
FN:170,(anonymous_25)
FNF:26
FNH:25
FNDA:5,(anonymous_0)
FNDA:28,(anonymous_1)
FNDA:10,(anonymous_2)
FNDA:22,(anonymous_3)
FNDA:15,(anonymous_4)
FNDA:22,(anonymous_5)
FNDA:10,(anonymous_6)
FNDA:20,(anonymous_7)
FNDA:23,(anonymous_8)
FNDA:17,(anonymous_9)
FNDA:8,(anonymous_10)
FNDA:7,(anonymous_11)
FNDA:14,(anonymous_12)
FNDA:14,(anonymous_13)
FNDA:14,(anonymous_14)
FNDA:3,(anonymous_15)
FNDA:3,(anonymous_16)
FNDA:5,(anonymous_17)
FNDA:5,(anonymous_18)
FNDA:5,(anonymous_19)
FNDA:0,(anonymous_20)
FNDA:4,(anonymous_21)
FNDA:4,(anonymous_22)
FNDA:2,(anonymous_23)
FNDA:4,(anonymous_24)
FNDA:2,(anonymous_25)
DA:1,3
DA:2,3
DA:3,3
DA:4,3
DA:7,5
DA:10,28
DA:12,10
DA:15,22
DA:18,15
DA:21,3
DA:22,22
DA:23,22
DA:27,3
DA:28,10
DA:29,20
DA:30,10
DA:34,3
DA:35,23
DA:36,23
DA:37,14
DA:38,10
DA:40,9
DA:41,9
DA:42,17
DA:43,17
DA:46,23
DA:50,3
DA:51,8
DA:52,8
DA:53,8
DA:54,8
DA:58,3
DA:59,7
DA:60,7
DA:61,7
DA:62,7
DA:63,7
DA:64,7
DA:65,7
DA:66,4
DA:69,3
DA:70,3
DA:75,0
DA:78,0
DA:80,7
DA:84,3
DA:85,14
DA:86,14
DA:87,14
DA:88,14
DA:89,14
DA:94,14
DA:96,14
DA:98,14
DA:102,3
DA:103,3
DA:104,3
DA:105,3
DA:107,3
DA:113,3
DA:114,5
DA:115,5
DA:117,5
DA:118,3
DA:125,2
DA:126,2
DA:136,0
DA:144,5
DA:148,3
DA:149,4
DA:150,4
DA:151,4
DA:152,0
DA:154,4
DA:155,2
DA:156,2
DA:158,2
DA:159,0
DA:161,2
DA:162,4
DA:163,2
DA:166,2
DA:168,2
DA:169,2
DA:170,2
DA:176,3
LF:86
LH:81
BRDA:22,0,0,22
BRDA:22,0,1,0
BRDA:36,1,0,14
BRDA:36,1,1,9
BRDA:37,2,0,10
BRDA:37,2,1,4
BRDA:40,3,0,9
BRDA:40,3,1,0
BRDA:62,4,0,7
BRDA:62,4,1,0
BRDA:63,5,0,7
BRDA:63,5,1,0
BRDA:65,6,0,4
BRDA:65,6,1,3
BRDA:66,7,0,4
BRDA:66,7,1,0
BRDA:69,8,0,3
BRDA:69,8,1,0
BRDA:70,9,0,3
BRDA:70,9,1,0
BRDA:117,10,0,3
BRDA:117,10,1,2
BRDA:117,11,0,5
BRDA:117,11,1,5
BRDA:125,12,0,2
BRDA:125,12,1,0
BRDA:125,13,0,2
BRDA:125,13,1,2
BRDA:148,14,0,0
BRDA:151,15,0,0
BRDA:151,15,1,4
BRDA:154,16,0,2
BRDA:154,16,1,2
BRDA:158,17,0,0
BRDA:158,17,1,2
BRDA:162,18,0,2
BRDA:162,18,1,2
BRF:37
BRH:26
end_of_record
