TN:
SF:src\index.js
FN:7,(anonymous_0)
FN:10,(anonymous_1)
FN:12,(anonymous_2)
FN:15,(anonymous_3)
FN:18,(anonymous_4)
FN:21,(anonymous_5)
FN:27,(anonymous_6)
FN:28,(anonymous_7)
FN:34,(anonymous_8)
FN:41,(anonymous_9)
FN:50,(anonymous_10)
FN:58,(anonymous_11)
FN:83,(anonymous_12)
FN:86,(anonymous_13)
FN:87,(anonymous_14)
FN:100,(anonymous_15)
FN:102,(anonymous_16)
FN:110,(anonymous_17)
FN:111,(anonymous_18)
FN:113,(anonymous_19)
FN:132,(anonymous_20)
FN:145,(anonymous_21)
FN:146,(anonymous_22)
FN:153,(anonymous_23)
FN:158,(anonymous_24)
FN:167,(anonymous_25)
FNF:26
FNH:18
FNDA:1,(anonymous_0)
FNDA:4,(anonymous_1)
FNDA:2,(anonymous_2)
FNDA:4,(anonymous_3)
FNDA:3,(anonymous_4)
FNDA:4,(anonymous_5)
FNDA:2,(anonymous_6)
FNDA:4,(anonymous_7)
FNDA:3,(anonymous_8)
FNDA:1,(anonymous_9)
FNDA:2,(anonymous_10)
FNDA:1,(anonymous_11)
FNDA:2,(anonymous_12)
FNDA:2,(anonymous_13)
FNDA:2,(anonymous_14)
FNDA:0,(anonymous_15)
FNDA:0,(anonymous_16)
FNDA:1,(anonymous_17)
FNDA:1,(anonymous_18)
FNDA:1,(anonymous_19)
FNDA:0,(anonymous_20)
FNDA:0,(anonymous_21)
FNDA:0,(anonymous_22)
FNDA:0,(anonymous_23)
FNDA:0,(anonymous_24)
FNDA:0,(anonymous_25)
DA:1,2
DA:2,2
DA:3,2
DA:4,2
DA:7,2
DA:10,4
DA:12,2
DA:15,4
DA:18,3
DA:21,2
DA:22,4
DA:23,4
DA:27,2
DA:28,2
DA:29,4
DA:30,2
DA:34,2
DA:35,3
DA:36,3
DA:37,2
DA:38,2
DA:40,1
DA:41,1
DA:42,1
DA:43,1
DA:46,3
DA:50,2
DA:51,2
DA:52,2
DA:53,2
DA:54,2
DA:58,2
DA:59,1
DA:60,1
DA:61,1
DA:62,1
DA:63,1
DA:64,1
DA:65,1
DA:66,1
DA:69,0
DA:70,0
DA:75,0
DA:78,0
DA:80,1
DA:83,2
DA:84,2
DA:85,2
DA:86,2
DA:87,2
DA:88,2
DA:93,2
DA:95,2
DA:97,2
DA:100,2
DA:101,0
DA:102,0
DA:103,0
DA:105,0
DA:110,2
DA:111,1
DA:112,1
DA:114,1
DA:115,1
DA:122,0
DA:123,0
DA:133,0
DA:141,1
DA:145,2
DA:146,0
DA:147,0
DA:148,0
DA:149,0
DA:151,0
DA:152,0
DA:153,0
DA:155,0
DA:156,0
DA:158,0
DA:159,0
DA:160,0
DA:163,0
DA:165,0
DA:166,0
DA:167,0
DA:172,2
LF:86
LH:59
BRDA:22,0,0,4
BRDA:22,0,1,0
BRDA:36,1,0,2
BRDA:36,1,1,1
BRDA:37,2,0,2
BRDA:37,2,1,0
BRDA:40,3,0,1
BRDA:40,3,1,0
BRDA:62,4,0,1
BRDA:62,4,1,0
BRDA:63,5,0,1
BRDA:63,5,1,0
BRDA:65,6,0,1
BRDA:65,6,1,0
BRDA:66,7,0,1
BRDA:66,7,1,0
BRDA:69,8,0,0
BRDA:69,8,1,0
BRDA:70,9,0,0
BRDA:70,9,1,0
BRDA:114,10,0,1
BRDA:114,10,1,0
BRDA:114,11,0,1
BRDA:114,11,1,1
BRDA:122,12,0,0
BRDA:122,12,1,0
BRDA:122,13,0,0
BRDA:122,13,1,0
BRDA:145,14,0,0
BRDA:148,15,0,0
BRDA:148,15,1,0
BRDA:151,16,0,0
BRDA:151,16,1,0
BRDA:155,17,0,0
BRDA:155,17,1,0
BRDA:159,18,0,0
BRDA:159,18,1,0
BRF:37
BRH:12
end_of_record
